app/build/intermediates/manifest_merge_blame_file/debug/manifest-merger-blame-debug-report.txt
1<?xml version="1.0" encoding="utf-8"?>
2<manifest xmlns:android="http://schemas.android.com/apk/res/android"
3    package="com.delivery.xianxian"
4    android:versionCode="25"
5    android:versionName="Beta1.0.25" >
6
7    <uses-sdk
8        android:minSdkVersion="19"
8-->src/main/AndroidManifest.xml
9        android:targetSdkVersion="29" />
9-->src/main/AndroidManifest.xml
10
11    <!-- 网络权限问题 -->
12    <uses-permission android:name="android.permission.INTERNET" />
12-->src/main/AndroidManifest.xml:7:5-67
12-->src/main/AndroidManifest.xml:7:22-64
13    <!-- 用于访问wifi网络信息，wifi信息会用于进行网络定位 -->
14    <uses-permission android:name="android.permission.ACCESS_WIFI_STATE" />
14-->src/main/AndroidManifest.xml:9:5-76
14-->src/main/AndroidManifest.xml:9:22-73
15    <uses-permission android:name="android.permission.CHANGE_WIFI_STATE" />
15-->src/main/AndroidManifest.xml:10:5-76
15-->src/main/AndroidManifest.xml:10:22-73
16    <!-- 用于获取运营商信息，用于支持提供运营商信息相关的接口 -->
17    <uses-permission android:name="android.permission.CHANGE_NETWORK_STATE" />
17-->src/main/AndroidManifest.xml:12:5-78
17-->src/main/AndroidManifest.xml:12:22-76
18    <uses-permission android:name="android.permission.ACCESS_NETWORK_STATE" />
18-->src/main/AndroidManifest.xml:13:5-78
18-->src/main/AndroidManifest.xml:13:22-76
19
20    <!-- 8.0安装需要的权限 -->
21    <uses-permission android:name="android.permission.REQUEST_INSTALL_PACKAGES" />
21-->src/main/AndroidManifest.xml:16:5-83
21-->src/main/AndroidManifest.xml:16:22-80
22    <!-- 读取外置存储。如果开发者使用了so动态加载功能并且把so文件放在了外置存储区域，则需要申请该权限，否则不需要 -->
23    <uses-permission android:name="android.permission.READ_EXTERNAL_STORAGE" />
23-->src/main/AndroidManifest.xml:18:5-80
23-->src/main/AndroidManifest.xml:18:22-77
24    <!-- 写外置存储。如果开发者使用了离线地图，并且数据写在外置存储区域，则需要申请该权限 -->
25    <uses-permission android:name="android.permission.WRITE_EXTERNAL_STORAGE" />
25-->src/main/AndroidManifest.xml:20:5-81
25-->src/main/AndroidManifest.xml:20:22-78
26    <!-- 读取手机信息 -->
27    <uses-permission android:name="android.permission.READ_PHONE_STATE" />
27-->src/main/AndroidManifest.xml:22:5-75
27-->src/main/AndroidManifest.xml:22:22-72
28    <!-- 打电话 -->
29    <uses-permission android:name="android.permission.CALL_PHONE" />
29-->src/main/AndroidManifest.xml:24:5-69
29-->src/main/AndroidManifest.xml:24:22-66
30    <!-- 相机 -->
31    <uses-permission android:name="android.permission.CAMERA" />
31-->src/main/AndroidManifest.xml:26:5-65
31-->src/main/AndroidManifest.xml:26:22-62
32
33    <!-- 9.0权限 -->
34    <uses-permission android:name="android.permission.FOREGROUND_SERVICE" />
34-->src/main/AndroidManifest.xml:29:5-77
34-->src/main/AndroidManifest.xml:29:22-74
35    <!-- 录音权限 -->
36    <!-- <uses-permission android:name="android.permission.RECORD_AUDIO" /> -->
37
38
39    <!-- 振动 -->
40    <uses-permission android:name="android.permission.VIBRATE" />
40-->src/main/AndroidManifest.xml:34:5-66
40-->src/main/AndroidManifest.xml:34:22-63
41
42    <!-- 极光推送 -->
43    <uses-permission android:name="android.permission.RECEIVE_USER_PRESENT" />
43-->src/main/AndroidManifest.xml:37:5-79
43-->src/main/AndroidManifest.xml:37:22-76
44    <!-- Optional for location -->
45    <uses-permission android:name="android.permission.SYSTEM_ALERT_WINDOW" /> <!-- 用于开启 debug 版本的应用在6.0 系统上 层叠窗口权限 -->
45-->src/main/AndroidManifest.xml:39:5-78
45-->src/main/AndroidManifest.xml:39:22-75
46    <!-- 用于申请调用A-GPS模块 -->
47    <uses-permission android:name="android.permission.ACCESS_LOCATION_EXTRA_COMMANDS" />
47-->src/main/AndroidManifest.xml:41:5-89
47-->src/main/AndroidManifest.xml:41:22-86
48    <!-- 极光推送 -->
49
50
51    <!-- 用于申请获取蓝牙信息进行室内定位 -->
52    <uses-permission android:name="android.permission.BLUETOOTH" />
52-->src/main/AndroidManifest.xml:46:5-68
52-->src/main/AndroidManifest.xml:46:22-65
53    <uses-permission android:name="android.permission.BLUETOOTH_ADMIN" />
53-->src/main/AndroidManifest.xml:47:5-74
53-->src/main/AndroidManifest.xml:47:22-71
54
55    <!-- 这个权限用于进行网络定位 -->
56    <uses-permission android:name="android.permission.ACCESS_COARSE_LOCATION" />
56-->src/main/AndroidManifest.xml:50:5-81
56-->src/main/AndroidManifest.xml:50:22-78
57    <!-- 这个权限用于访问GPS定位 -->
58    <uses-permission android:name="android.permission.ACCESS_FINE_LOCATION" />
58-->src/main/AndroidManifest.xml:52:5-79
58-->src/main/AndroidManifest.xml:52:22-76
59
60    <!-- 环信 -->
61    <uses-permission android:name="android.permission.GET_TASKS" />
61-->src/main/AndroidManifest.xml:56:5-68
61-->src/main/AndroidManifest.xml:56:22-65
62    <uses-permission android:name="android.permission.WAKE_LOCK" />
62-->src/main/AndroidManifest.xml:57:5-68
62-->src/main/AndroidManifest.xml:57:22-65
63    <uses-permission android:name="android.permission.MODIFY_AUDIO_SETTINGS" />
63-->src/main/AndroidManifest.xml:58:5-80
63-->src/main/AndroidManifest.xml:58:22-77
64    <uses-permission android:name="android.permission.RECORD_AUDIO" />
64-->src/main/AndroidManifest.xml:59:5-71
64-->src/main/AndroidManifest.xml:59:22-68
65
66    <permission
66-->[cn.jiguang.sdk:jpush:3.5.4] AndroidManifest.xml:11:5-13:47
67        android:name="com.delivery.xianxian.permission.JPUSH_MESSAGE"
67-->[cn.jiguang.sdk:jpush:3.5.4] AndroidManifest.xml:12:9-65
68        android:protectionLevel="signature" /> <!-- Required  一些系统要求的权限，如访问网络等 -->
68-->[cn.jiguang.sdk:jpush:3.5.4] AndroidManifest.xml:13:9-44
69    <uses-permission android:name="com.delivery.xianxian.permission.JPUSH_MESSAGE" />
69-->[cn.jiguang.sdk:jpush:3.5.4] AndroidManifest.xml:16:5-81
69-->[cn.jiguang.sdk:jpush:3.5.4] AndroidManifest.xml:16:22-78
70    <uses-permission android:name="android.permission.WRITE_SETTINGS" />
70-->[cn.jiguang.sdk:jpush:3.5.4] AndroidManifest.xml:22:5-73
70-->[cn.jiguang.sdk:jpush:3.5.4] AndroidManifest.xml:22:22-70
71    <uses-permission android:name="android.permission.MOUNT_UNMOUNT_FILESYSTEMS" />
71-->[cn.jiguang.sdk:jpush:3.5.4] AndroidManifest.xml:23:5-84
71-->[cn.jiguang.sdk:jpush:3.5.4] AndroidManifest.xml:23:22-81
72    <uses-permission android:name="android.permission.ACCESS_BACKGROUND_LOCATION" />
72-->[cn.jiguang.sdk:jpush:3.5.4] AndroidManifest.xml:33:5-85
72-->[cn.jiguang.sdk:jpush:3.5.4] AndroidManifest.xml:33:22-82
73
74    <supports-screens
74-->[:alipaySdk-15.6.8-20191021122514:] AndroidManifest.xml:11:5-16:39
75        android:anyDensity="true"
75-->[:alipaySdk-15.6.8-20191021122514:] AndroidManifest.xml:12:9-34
76        android:largeScreens="true"
76-->[:alipaySdk-15.6.8-20191021122514:] AndroidManifest.xml:13:9-36
77        android:normalScreens="true"
77-->[:alipaySdk-15.6.8-20191021122514:] AndroidManifest.xml:14:9-37
78        android:resizeable="true"
78-->[:alipaySdk-15.6.8-20191021122514:] AndroidManifest.xml:15:9-34
79        android:smallScreens="true" />
79-->[:alipaySdk-15.6.8-20191021122514:] AndroidManifest.xml:16:9-36
80    <!--
81Android 10 停用过滤视图，使用旧版存储模式
82        android:requestLegacyExternalStorage="true"
83    -->
84    <application
84-->src/main/AndroidManifest.xml:64:5-457:19
85        android:name="com.delivery.xianxian.MyApplication"
85-->src/main/AndroidManifest.xml:65:9-59
86        android:allowBackup="true"
86-->src/main/AndroidManifest.xml:66:9-35
87        android:appComponentFactory="androidx.core.app.CoreComponentFactory"
87-->[androidx.core:core:1.1.0] AndroidManifest.xml:24:18-86
88        android:debuggable="true"
89        android:icon="@mipmap/ic_launcher"
89-->src/main/AndroidManifest.xml:67:9-43
90        android:label="@string/app_name"
90-->src/main/AndroidManifest.xml:68:9-41
91        android:maxAspectRatio="2.4"
91-->src/main/AndroidManifest.xml:69:9-37
92        android:networkSecurityConfig="@xml/network_security_config"
92-->src/main/AndroidManifest.xml:70:9-69
93        android:requestLegacyExternalStorage="true"
93-->src/main/AndroidManifest.xml:74:9-52
94        android:roundIcon="@mipmap/ic_launcher_round"
94-->src/main/AndroidManifest.xml:71:9-54
95        android:supportsRtl="true"
95-->src/main/AndroidManifest.xml:72:9-35
96        android:theme="@style/AppTheme"
96-->src/main/AndroidManifest.xml:73:9-40
97        android:usesCleartextTraffic="true"
97-->src/main/AndroidManifest.xml:75:9-44
98        android:windowIsTranslucent="false" >
98-->src/main/AndroidManifest.xml:76:9-44
99        <activity
99-->src/main/AndroidManifest.xml:77:9-85:20
100            android:name="com.delivery.xianxian.activity.HelloActivity"
100-->src/main/AndroidManifest.xml:78:13-72
101            android:theme="@android:style/Theme.NoTitleBar.Fullscreen" > <!-- //全屏 -->
101-->src/main/AndroidManifest.xml:79:13-71
102            <intent-filter>
102-->src/main/AndroidManifest.xml:80:13-84:29
103                <action android:name="android.intent.action.MAIN" />
103-->src/main/AndroidManifest.xml:81:17-69
103-->src/main/AndroidManifest.xml:81:25-66
104
105                <category android:name="android.intent.category.LAUNCHER" />
105-->src/main/AndroidManifest.xml:83:17-77
105-->src/main/AndroidManifest.xml:83:27-74
106            </intent-filter>
107        </activity>
108        <activity
108-->src/main/AndroidManifest.xml:86:9-88:35
109            android:name="com.delivery.xianxian.utils.permission.PermissionsActivity"
109-->src/main/AndroidManifest.xml:87:13-86
110            android:label="权限页" />
110-->src/main/AndroidManifest.xml:88:13-32
111        <activity
111-->src/main/AndroidManifest.xml:89:9-92:74
112            android:name="com.delivery.xianxian.activity.GuideActivity"
112-->src/main/AndroidManifest.xml:90:13-72
113            android:label="引导页"
113-->src/main/AndroidManifest.xml:91:13-32
114            android:theme="@android:style/Theme.NoTitleBar.Fullscreen" />
114-->src/main/AndroidManifest.xml:92:13-71
115        <activity
115-->src/main/AndroidManifest.xml:93:9-96:61
116            android:name="com.delivery.xianxian.activity.MainActivity"
116-->src/main/AndroidManifest.xml:94:13-71
117            android:label="主页"
117-->src/main/AndroidManifest.xml:95:13-31
118            android:theme="@style/DefaultCityPickerTheme" />
118-->src/main/AndroidManifest.xml:96:13-58
119        <activity
119-->src/main/AndroidManifest.xml:97:9-99:34
120            android:name="com.delivery.xianxian.activity.LoginActivity"
120-->src/main/AndroidManifest.xml:98:13-72
121            android:label="登录" />
121-->src/main/AndroidManifest.xml:99:13-31
122        <activity
122-->src/main/AndroidManifest.xml:100:9-102:36
123            android:name="com.delivery.xianxian.activity.ForgetPasswordActivity"
123-->src/main/AndroidManifest.xml:101:13-81
124            android:label="忘记密码" />
124-->src/main/AndroidManifest.xml:102:13-33
125        <activity
125-->src/main/AndroidManifest.xml:103:9-105:35
126            android:name="com.delivery.xianxian.activity.RegisteredActivity"
126-->src/main/AndroidManifest.xml:104:13-77
127            android:label="注册1" />
127-->src/main/AndroidManifest.xml:105:13-32
128        <activity
128-->src/main/AndroidManifest.xml:106:9-108:34
129            android:name="com.delivery.xianxian.activity.WebContentActivity"
129-->src/main/AndroidManifest.xml:107:13-77
130            android:label="网页" />
130-->src/main/AndroidManifest.xml:108:13-31
131        <activity
131-->src/main/AndroidManifest.xml:109:9-111:35
132            android:name="com.delivery.xianxian.zxing.CaptureActivity"
132-->src/main/AndroidManifest.xml:110:13-71
133            android:label="扫一扫" />
133-->src/main/AndroidManifest.xml:111:13-32
134
135        <!-- 首页 -->
136        <activity
136-->src/main/AndroidManifest.xml:114:9-117:61
137            android:name="com.delivery.xianxian.activity.SelectAddressActivity"
137-->src/main/AndroidManifest.xml:115:13-80
138            android:label="选取地点"
138-->src/main/AndroidManifest.xml:116:13-33
139            android:theme="@style/DefaultCityPickerTheme" />
139-->src/main/AndroidManifest.xml:117:13-58
140        <activity
140-->src/main/AndroidManifest.xml:118:9-120:36
141            android:name="com.delivery.xianxian.activity.ConfirmOrderActivity"
141-->src/main/AndroidManifest.xml:119:13-79
142            android:label="确认订单" />
142-->src/main/AndroidManifest.xml:120:13-33
143        <activity
143-->src/main/AndroidManifest.xml:121:9-123:36
144            android:name="com.delivery.xianxian.activity.FeeDetailActivity"
144-->src/main/AndroidManifest.xml:122:13-76
145            android:label="费用详情" />
145-->src/main/AndroidManifest.xml:123:13-33
146        <activity
146-->src/main/AndroidManifest.xml:124:9-126:36
147            android:name="com.delivery.xianxian.activity.FeeModelActivity"
147-->src/main/AndroidManifest.xml:125:13-75
148            android:label="收费标准" />
148-->src/main/AndroidManifest.xml:126:13-33
149        <activity
149-->src/main/AndroidManifest.xml:127:9-129:38
150            android:name="com.delivery.xianxian.activity.AddOtherActivity"
150-->src/main/AndroidManifest.xml:128:13-75
151            android:label="添加额外需求" />
151-->src/main/AndroidManifest.xml:129:13-35
152        <activity
152-->src/main/AndroidManifest.xml:133:9-135:36
153            android:name="com.delivery.xianxian.activity.NoticeListActivity"
153-->src/main/AndroidManifest.xml:134:13-77
154            android:label="公告列表" />
154-->src/main/AndroidManifest.xml:135:13-33
155        <activity
155-->src/main/AndroidManifest.xml:136:9-138:36
156            android:name="com.delivery.xianxian.activity.ScoreDetailActivity"
156-->src/main/AndroidManifest.xml:137:13-78
157            android:label="评分详情" />
157-->src/main/AndroidManifest.xml:138:13-33
158        <activity
158-->src/main/AndroidManifest.xml:139:9-141:36
159            android:name="com.delivery.xianxian.activity.CapitalStatisticsActivity"
159-->src/main/AndroidManifest.xml:140:13-84
160            android:label="资金统计" />
160-->src/main/AndroidManifest.xml:141:13-33
161        <activity
161-->src/main/AndroidManifest.xml:142:9-144:34
162            android:name="com.delivery.xianxian.activity.TakeCashActivity"
162-->src/main/AndroidManifest.xml:143:13-75
163            android:label="提现" />
163-->src/main/AndroidManifest.xml:144:13-31
164
165        <!-- 订单 -->
166        <activity
166-->src/main/AndroidManifest.xml:147:9-149:36
167            android:name="com.delivery.xianxian.activity.OrderListActivity"
167-->src/main/AndroidManifest.xml:148:13-76
168            android:label="货运订单" />
168-->src/main/AndroidManifest.xml:149:13-33
169        <activity
169-->src/main/AndroidManifest.xml:150:9-152:36
170            android:name="com.delivery.xianxian.activity.OrderDetailsActivity"
170-->src/main/AndroidManifest.xml:151:13-79
171            android:label="订单详情" />
171-->src/main/AndroidManifest.xml:152:13-33
172        <activity
172-->src/main/AndroidManifest.xml:153:9-155:36
173            android:name="com.delivery.xianxian.activity.OrderCancelActivity"
173-->src/main/AndroidManifest.xml:154:13-78
174            android:label="取消订单" />
174-->src/main/AndroidManifest.xml:155:13-33
175        <activity
175-->src/main/AndroidManifest.xml:156:9-158:38
176            android:name="com.delivery.xianxian.activity.OrderCancelDetailActivity"
176-->src/main/AndroidManifest.xml:157:13-84
177            android:label="取消订单详情" />
177-->src/main/AndroidManifest.xml:158:13-35
178        <activity
178-->src/main/AndroidManifest.xml:159:9-161:36
179            android:name="com.delivery.xianxian.activity.InvoiceActivity"
179-->src/main/AndroidManifest.xml:160:13-74
180            android:label="申请发票" />
180-->src/main/AndroidManifest.xml:161:13-33
181        <activity
181-->src/main/AndroidManifest.xml:162:9-164:36
182            android:name="com.delivery.xianxian.activity.AddInvoiceActivity"
182-->src/main/AndroidManifest.xml:163:13-77
183            android:label="确认开票" />
183-->src/main/AndroidManifest.xml:164:13-33
184        <activity
184-->src/main/AndroidManifest.xml:165:9-167:34
185            android:name="com.delivery.xianxian.activity.AppraiseActivity"
185-->src/main/AndroidManifest.xml:166:13-75
186            android:label="评价" />
186-->src/main/AndroidManifest.xml:167:13-31
187        <activity
187-->src/main/AndroidManifest.xml:168:9-170:37
188            android:name="com.delivery.xianxian.activity.AddSurchargeActivity"
188-->src/main/AndroidManifest.xml:169:13-79
189            android:label="添加附加费" />
189-->src/main/AndroidManifest.xml:170:13-34
190        <activity
190-->src/main/AndroidManifest.xml:172:9-174:38
191            android:name="com.delivery.xianxian.activity.TrackServiceActivity"
191-->src/main/AndroidManifest.xml:173:13-79
192            android:label="轨迹上报服务" />
192-->src/main/AndroidManifest.xml:174:13-35
193        <activity
193-->src/main/AndroidManifest.xml:175:9-177:36
194            android:name="com.delivery.xianxian.activity.TrackSearchActivity"
194-->src/main/AndroidManifest.xml:176:13-78
195            android:label="轨迹查询" />
195-->src/main/AndroidManifest.xml:177:13-33
196        <!-- 个人中心 -->
197        <activity
197-->src/main/AndroidManifest.xml:179:9-181:39
198            android:name="com.delivery.xianxian.activity.MyProfileActivity"
198-->src/main/AndroidManifest.xml:180:13-76
199            android:label="修改头像/电话" />
199-->src/main/AndroidManifest.xml:181:13-36
200        <activity
200-->src/main/AndroidManifest.xml:182:9-184:37
201            android:name="com.delivery.xianxian.activity.ChangePhoneNumActivity"
201-->src/main/AndroidManifest.xml:183:13-81
202            android:label="修改手机号" />
202-->src/main/AndroidManifest.xml:184:13-34
203        <activity
203-->src/main/AndroidManifest.xml:185:9-187:36
204            android:name="com.delivery.xianxian.activity.ChangePasswordActivity"
204-->src/main/AndroidManifest.xml:186:13-81
205            android:label="修改密码" />
205-->src/main/AndroidManifest.xml:187:13-33
206        <activity
206-->src/main/AndroidManifest.xml:188:9-190:34
207            android:name="com.delivery.xianxian.activity.WalletActivity"
207-->src/main/AndroidManifest.xml:189:13-73
208            android:label="钱包" />
208-->src/main/AndroidManifest.xml:190:13-31
209        <activity
209-->src/main/AndroidManifest.xml:191:9-193:34
210            android:name="com.delivery.xianxian.activity.RechargeActivity"
210-->src/main/AndroidManifest.xml:192:13-75
211            android:label="充值" />
211-->src/main/AndroidManifest.xml:193:13-31
212        <activity
212-->src/main/AndroidManifest.xml:194:9-196:36
213            android:name="com.delivery.xianxian.activity.MoneyListActivity"
213-->src/main/AndroidManifest.xml:195:13-76
214            android:label="余额明细" />
214-->src/main/AndroidManifest.xml:196:13-33
215        <activity
215-->src/main/AndroidManifest.xml:197:9-199:36
216            android:name="com.delivery.xianxian.activity.JiangLiHuoDongActivity"
216-->src/main/AndroidManifest.xml:198:13-81
217            android:label="奖励活动" />
217-->src/main/AndroidManifest.xml:199:13-33
218        <activity
218-->src/main/AndroidManifest.xml:200:9-202:36
219            android:name="com.delivery.xianxian.activity.JiangLiListActivity"
219-->src/main/AndroidManifest.xml:201:13-78
220            android:label="奖励记录" />
220-->src/main/AndroidManifest.xml:202:13-33
221        <activity
221-->src/main/AndroidManifest.xml:203:9-205:36
222            android:name="com.delivery.xianxian.activity.JiFenShangChengActivity"
222-->src/main/AndroidManifest.xml:204:13-82
223            android:label="积分商城" />
223-->src/main/AndroidManifest.xml:205:13-33
224        <activity
224-->src/main/AndroidManifest.xml:206:9-208:36
225            android:name="com.delivery.xianxian.activity.JiFenLieBiaoActivity"
225-->src/main/AndroidManifest.xml:207:13-79
226            android:label="商品列表" />
226-->src/main/AndroidManifest.xml:208:13-33
227        <activity
227-->src/main/AndroidManifest.xml:209:9-211:36
228            android:name="com.delivery.xianxian.activity.DuiHuanListActivity"
228-->src/main/AndroidManifest.xml:210:13-78
229            android:label="兑换记录" />
229-->src/main/AndroidManifest.xml:211:13-33
230        <activity
230-->src/main/AndroidManifest.xml:212:9-214:36
231            android:name="com.delivery.xianxian.activity.JiFenMingXiActivity"
231-->src/main/AndroidManifest.xml:213:13-78
232            android:label="积分明细" />
232-->src/main/AndroidManifest.xml:214:13-33
233        <activity
233-->src/main/AndroidManifest.xml:215:9-217:36
234            android:name="com.delivery.xianxian.activity.ServiceCenterActivity"
234-->src/main/AndroidManifest.xml:216:13-80
235            android:label="车主助手" />
235-->src/main/AndroidManifest.xml:217:13-33
236        <activity
236-->src/main/AndroidManifest.xml:218:9-220:37
237            android:name="com.delivery.xianxian.activity.Auth_ShenFenZhengActivity"
237-->src/main/AndroidManifest.xml:219:13-84
238            android:label="身份证认证" />
238-->src/main/AndroidManifest.xml:220:13-34
239        <activity
239-->src/main/AndroidManifest.xml:221:9-223:36
240            android:name="com.delivery.xianxian.activity.MyDriverActivity"
240-->src/main/AndroidManifest.xml:222:13-75
241            android:label="我的司机" />
241-->src/main/AndroidManifest.xml:223:13-33
242        <activity
242-->src/main/AndroidManifest.xml:224:9-226:36
243            android:name="com.delivery.xianxian.activity.TemperatureActivity"
243-->src/main/AndroidManifest.xml:225:13-78
244            android:label="实时温度" />
244-->src/main/AndroidManifest.xml:226:13-33
245
246        <!-- 环信 -->
247        <activity
247-->src/main/AndroidManifest.xml:229:9-231:36
248            android:name="com.delivery.xianxian.activity.ChatMainActivity"
248-->src/main/AndroidManifest.xml:230:13-75
249            android:label="聊天首页" />
249-->src/main/AndroidManifest.xml:231:13-33
250        <activity
250-->src/main/AndroidManifest.xml:232:9-234:36
251            android:name="com.delivery.xianxian.activity.ChatActivity"
251-->src/main/AndroidManifest.xml:233:13-71
252            android:label="聊天页面" />
252-->src/main/AndroidManifest.xml:234:13-33
253        <activity
253-->src/main/AndroidManifest.xml:235:9-238:52
254            android:name="com.hyphenate.easeui.ui.EaseBaiduMapActivity"
254-->src/main/AndroidManifest.xml:236:13-72
255            android:label="地图定位"
255-->src/main/AndroidManifest.xml:237:13-33
256            android:screenOrientation="portrait" />
256-->src/main/AndroidManifest.xml:238:13-49
257        <activity
257-->src/main/AndroidManifest.xml:239:9-241:52
258            android:name="com.hyphenate.easeui.ui.EaseShowBigImageActivity"
258-->src/main/AndroidManifest.xml:240:13-76
259            android:screenOrientation="portrait" />
259-->src/main/AndroidManifest.xml:241:13-49
260        <activity
260-->src/main/AndroidManifest.xml:242:9-244:40
261            android:name="com.delivery.xianxian.utils.huanxin.MyConversationListActivity"
261-->src/main/AndroidManifest.xml:243:13-90
262            android:label="环信消息会话列表" />
262-->src/main/AndroidManifest.xml:244:13-37
263        <activity
263-->src/main/AndroidManifest.xml:245:9-247:36
264            android:name="com.delivery.xianxian.activity.MyChatActivity"
264-->src/main/AndroidManifest.xml:246:13-73
265            android:label="聊天页面" />
265-->src/main/AndroidManifest.xml:247:13-33
266
267        <!-- 设置环信应用的AppKey -->
268        <meta-data
268-->src/main/AndroidManifest.xml:250:9-252:54
269            android:name="EASEMOB_APPKEY"
269-->src/main/AndroidManifest.xml:251:13-42
270            android:value="1138191008030637#xxl88" />
270-->src/main/AndroidManifest.xml:252:13-51
271        <!-- 声明SDK所需的service SDK核心功能 -->
272        <service
272-->src/main/AndroidManifest.xml:254:9-256:39
273            android:name="com.hyphenate.chat.EMChatService"
273-->src/main/AndroidManifest.xml:255:13-60
274            android:exported="true" />
274-->src/main/AndroidManifest.xml:256:13-36
275        <service
275-->src/main/AndroidManifest.xml:257:9-260:72
276            android:name="com.hyphenate.chat.EMJobService"
276-->src/main/AndroidManifest.xml:258:13-59
277            android:exported="true"
277-->src/main/AndroidManifest.xml:259:13-36
278            android:permission="android.permission.BIND_JOB_SERVICE" />
278-->src/main/AndroidManifest.xml:260:13-69
279        <!-- 声明SDK所需的receiver -->
280        <receiver android:name="com.hyphenate.chat.EMMonitorReceiver" >
280-->src/main/AndroidManifest.xml:262:9-272:20
280-->src/main/AndroidManifest.xml:262:19-70
281            <intent-filter>
281-->src/main/AndroidManifest.xml:263:13-266:29
282                <action android:name="android.intent.action.PACKAGE_REMOVED" />
282-->src/main/AndroidManifest.xml:264:17-80
282-->src/main/AndroidManifest.xml:264:25-77
283
284                <data android:scheme="package" />
284-->src/main/AndroidManifest.xml:265:17-50
284-->src/main/AndroidManifest.xml:265:23-47
285            </intent-filter>
286            <!-- 可选filter -->
287            <intent-filter>
287-->src/main/AndroidManifest.xml:268:13-271:29
288                <action android:name="android.intent.action.BOOT_COMPLETED" />
288-->src/main/AndroidManifest.xml:269:17-79
288-->src/main/AndroidManifest.xml:269:25-76
289                <action android:name="android.intent.action.USER_PRESENT" />
289-->src/main/AndroidManifest.xml:270:17-77
289-->src/main/AndroidManifest.xml:270:25-74
290            </intent-filter>
291        </receiver>
292
293        <!-- 高德地图 -->
294        <activity
294-->src/main/AndroidManifest.xml:275:9-278:63
295            android:name="com.amap.api.navi.AmapRouteActivity"
295-->src/main/AndroidManifest.xml:276:13-63
296            android:configChanges="orientation|keyboardHidden|screenSize"
296-->src/main/AndroidManifest.xml:277:13-74
297            android:theme="@android:style/Theme.NoTitleBar" /> <!-- 导航组件 -->
297-->src/main/AndroidManifest.xml:278:13-60
298        <meta-data
298-->src/main/AndroidManifest.xml:279:9-281:64
299            android:name="com.amap.api.v2.apikey"
299-->src/main/AndroidManifest.xml:280:13-50
300            android:value="b31683d96c37bd2c6b874efe7750f18d" />
300-->src/main/AndroidManifest.xml:281:13-61
301        <!-- 定位 -->
302        <service
302-->src/main/AndroidManifest.xml:283:9-286:39
303            android:name="com.delivery.xianxian.service.LocationService"
303-->src/main/AndroidManifest.xml:284:13-73
304            android:enabled="true"
304-->src/main/AndroidManifest.xml:285:13-35
305            android:exported="true" />
305-->src/main/AndroidManifest.xml:286:13-36
306        <service android:name="com.amap.api.location.APSService" /> <!-- 定位SDK服务 -->
306-->src/main/AndroidManifest.xml:287:9-68
306-->src/main/AndroidManifest.xml:287:18-65
307        <service android:name="com.amap.api.track.AMapTrackService" /> <!-- 猎鹰SDK服务 -->
307-->src/main/AndroidManifest.xml:288:9-71
307-->src/main/AndroidManifest.xml:288:18-68
308
309
310        <!-- 百度地图所需的service -->
311        <service
311-->src/main/AndroidManifest.xml:291:9-294:41
312            android:name="com.baidu.location.f"
312-->src/main/AndroidManifest.xml:292:13-48
313            android:enabled="true"
313-->src/main/AndroidManifest.xml:293:13-35
314            android:process=":remote" />
314-->src/main/AndroidManifest.xml:294:13-38
315
316        <meta-data
316-->src/main/AndroidManifest.xml:295:9-297:64
317            android:name="com.baidu.lbsapi.API_KEY"
317-->src/main/AndroidManifest.xml:296:13-52
318            android:value="06UoorWn5QH6G36nvcm5jQo2GKPxfNTw" />
318-->src/main/AndroidManifest.xml:297:13-61
319
320        <!-- 全面屏适配 -->
321        <meta-data
321-->src/main/AndroidManifest.xml:300:9-302:35
322            android:name="android.max_aspect"
322-->src/main/AndroidManifest.xml:301:13-46
323            android:value="2.4" />
323-->src/main/AndroidManifest.xml:302:13-32
324        <!-- 适配华为（huawei）刘海屏 -->
325        <meta-data
325-->src/main/AndroidManifest.xml:304:9-306:36
326            android:name="android.notch_support"
326-->src/main/AndroidManifest.xml:305:13-49
327            android:value="true" />
327-->src/main/AndroidManifest.xml:306:13-33
328        <!-- 适配小米（xiaomi）刘海屏 -->
329        <meta-data
329-->src/main/AndroidManifest.xml:308:9-310:50
330            android:name="notch.config"
330-->src/main/AndroidManifest.xml:309:13-40
331            android:value="portrait|landscape" />
331-->src/main/AndroidManifest.xml:310:13-47
332
333        <!-- 极光推送  开始 -->
334        <!-- 若您的业务中有使用极光富媒体功能，或者极光早上好功能，需要把此 Activity 的 exported 修改成 true 覆盖 jcenter 上的组件。 -->
335        <activity
335-->src/main/AndroidManifest.xml:314:9-324:20
336            android:name="cn.jpush.android.ui.PopWinActivity"
336-->src/main/AndroidManifest.xml:315:13-62
337            android:exported="true"
337-->src/main/AndroidManifest.xml:316:13-36
338            android:theme="@style/MyDialogStyle" >
338-->src/main/AndroidManifest.xml:318:13-49
339            <intent-filter>
339-->src/main/AndroidManifest.xml:319:13-323:29
340                <category android:name="android.intent.category.DEFAULT" />
340-->src/main/AndroidManifest.xml:320:17-76
340-->src/main/AndroidManifest.xml:320:27-73
341
342                <action android:name="cn.jpush.android.ui.PopWinActivity" />
342-->src/main/AndroidManifest.xml:321:17-77
342-->src/main/AndroidManifest.xml:321:25-74
343
344                <category android:name="com.delivery.xianxian" />
344-->src/main/AndroidManifest.xml:322:27-58
345            </intent-filter>
346        </activity>
347        <!-- 若您的业务中有使用极光富媒体功能，或者极光早上好功能，需要把此 Activity 的 exported 修改成 true 覆盖 jcenter 上的组件。 -->
348        <activity
348-->src/main/AndroidManifest.xml:326:9-337:20
349            android:name="cn.jpush.android.ui.PushActivity"
349-->src/main/AndroidManifest.xml:327:13-60
350            android:configChanges="orientation|keyboardHidden"
350-->src/main/AndroidManifest.xml:328:13-63
351            android:exported="true"
351-->src/main/AndroidManifest.xml:329:13-36
352            android:theme="@android:style/Theme.NoTitleBar" >